3FFAEAE9C9903F3E
3FF0DC736DB97CB6
3FF3869812EE8B9E
3FF2F32FDB1414D8
3FF2D082B4C5567E
3FFCFE56CF359099
3FFEC605679738E6
3FF46CD946973103
3FFD1DB6F58C9EC4
3FFE3D001EDDCA60
3FF83520821066B2
3FF3EB6000644A6A
3FFD3017F4B3DC0C
3FF36B92B68CAC5D
3FFBDD0C8E468DBA
3FFA143C2E125F24
3FFED6A8FE57048C
3FF3B5E55C5BD3A2
3FFCC9376E4D5C5D
3FF84A676BF3689F
3FF3B473ABBCB4D8
3FF2A78AF213EAB6
3FF7F6F190C01F20
3FF952D712A04229
3FF2F30C63B6A708
3FF03D0273C5CA18
3FF789C2FF224B6A
3FFBA6E279E13CA3
3FFEB2966DE41C34
3FFA022FF212B712
3FFEAC88B7F83ED4
3FFDD5C571D9E279
3FF37D8361A76D3F
3FFDDBA86FD30734
3FFBB128F1434057
3FF47222DFE87066
3FFCC0B0BDA691E3
3FFDD7F2B9073F4A
3FF4CA7F640F2292
3FF86EC3AE2869B7
3FF124CF5988AFFD
3FF954F1CC95EAD2
3FF3CE76F0DEB16A
3FFC3D4A852A4E2F
3FF2C731F76ECA08
3FF500FE062AC9EA
3FF03B4996C70A70
3FF0855529EB8E5E
3FF7F27DA165FBB6
3FF77E3548BAB44D
3FF20B05020D6C05
3FF41EF9DC743227
3FF00D07A286138F
3FF618DA7EA6DE7D
3FF936C6B1E95DED
3FF6D6373C848005
3FFD5C9447680CDC
3FF9DD25EE313AE6
3FF441E13441485D
3FFCF9F252471AC8
3FF7FDE5D1956370
3FFC24164A894312
3FF90EB36E06551C
3FF6FFC176ED6BE7
3FF656A60AEF0192
3FF05B1363A6EDAA
3FF78275F8D88815
3FF9FA186006A42A
3FFF2347D398C3DA
3FF6F7187AD68199
3FF7C52FEB7CFE88
3FF84E4BAE640116
3FF68996B2081B8F
3FF942BF4CB87EA4
3FF12028070F887C
3FF7D06B906E9BC6
3FF9C32739361255
3FFBE6EDC761D97E
3FF6E095C2118236
3FF4D8470C933A22
3FF0182025C788BC
3FFC1A89B14E37E6
3FF13DC04CEF556E
3FF7D6FDB252D1EC
3FF4DEA9BDCDAF7A
3FFD7401F084CAAA
3FFF35262D800632
3FF51A1C3AF30A0C
3FFE5D4248052FBD
3FF56684DC9D243E
3FFCFE6944B5762A
3FFCC8103984869C
3FFA7C0C4F4D0EF9
3FF3A8C4F42BE522
3FF233EA23B8FF60
3FF6CA396430ECB1
3FF26CB3E644B674
3FFDF8ED0E386B2C
3FF2DDB404D3FA64
3FF07C16414DE4B0
3FF8F2AFCA196706
3FF6DC63F22779B6
3FFDBCD0A6607008
3FF292C3EBA11568
3FF5C4023D9E163C
3FFA3F8758F757E5
3FFEE5B375C903EE
3FF4305644BF012A
3FFB02737B6C375C
3FF2628508B3F933
3FFBD7ACBDCD0B5A
3FF4B0DEDB65FF10
3FF3E661444B0A3D
3FF3AD593E776AF8
3FF5EE2FEA89E75E
3FF541C2FABAA7B8
3FF9CD615A8A02F6
3FF8B7277ED735C6
3FFBFE89C4B2DA86
3FF4B821FC1B84AE
3FFF5E6D9616BEF8
3FF8B21AFA22097E
3FFADEEBDB188124
3FFB031C21372144
3FF26FCFCF71C836
3FF2520528C88882
3FF7648810105CC4
3FF859D6FA0B3520
3FF45A4B995E02DB
3FF2E1C68087303A
3FF8100F8ED41618
3FFA8DE0F0D9A510
3FF3A8FA6E043538
3FF37EA41D668F04
3FFF47443C53A321
3FFB9929555563E5
3FF08CA4CB851904
3FFFB4B41030CB10
3FF022CCE045D734
3FF43D48AB86100C
3FFEAD5C16EAC0C8
3FF14944A14E4F2A
3FFDACEA5FD0100C
3FF250993F22E2ED
3FF2DE2BE46F2524
3FFC8E05C59DBE0C
3FFE53A82CF335A6
3FF75F2AF4EA007C
3FF09DA110C7CFA4
3FF50B7D874DE9F8
3FF03EA4227474A2
3FF59637256430AC
3FFA8C88A990B6F9
3FF43E53456245E3
3FFA6EAB4E37AD1E
3FFED6F57982F891
3FF7754DEA384A7C
3FF350521D5BF552
3FFEC37003047FC0
3FFF223A8AAB42FF
3FF22892D4BA0A64
3FFE64EB600C15BA
3FF4ACA49AD1FE74
3FF20D01B18C800C
3FF1E3A4622F8C32
3FFC26B51FC06891
3FF16A42B2B0142E
3FFC35DE9A4ACB26
3FF3D57A43CE2AF7
3FF6B356A19D05A5
3FF249CCEF0C610E
3FFA7155E29BA539
3FF75317560688DB
3FF64D20D842C9C6
3FFCDFF0F099C460
3FF758203A798D6A
3FFB10A9F5FB802A
3FFC8306FA7F1D6E
3FF9D68DBAF12227
3FFF61DB6B3B6103
3FF8D0657FDC2A7A
3FF3811347A0B154
3FF8AB8A32BC3044
3FF3E9B494AAFE7A
3FF1554EB5DCAE18
3FFC1A0F22FF8E76
3FF43B61C80AF38C
3FF504ABD5BCC69C
3FFFD04099CD8D48
3FF668AF542DBA5A
3FF70F9D45AE7A1E
3FFEBAC5BBDD26B4
3FFCA41CA48624C0
3FFDC0704A1FBB73
3FF77E639C134131
3FF3666A25B71EB9
3FF10CDB49A3836F
3FF146EB109B1C1E
3FF2311BF5220487
3FF44F40D1485116
3FFC701FAAD745D9
3FF3AC2376D5C3B0
3FF6BFAAA0613CF3
3FF75486F9AD12EA
3FF4F4794C844821
3FF2D509626045BC
3FF449DAA6A1A774
3FFDA33E58FF142D
3FFFE7B8545C16FF
3FF5EE481E14F03B
3FF76354EBC09AC9
3FF55C1CF5283FF4
3FF5D8D6416AAE5E
3FFAFEA9A25728CC
3FFBC3E5866B198A
3FF5129601DB0B6D
3FF2520094E3A3DC
3FFB5206C925310D
3FF707BEDABD7E52
3FFEA9253C213A05
3FF68CA1EC3D31C0
3FF071854A89DE5C
3FFB9E438CE6932A
3FFFC5C33B3BE662
3FF77637D1A80842
3FFF3E0D49189E9A
3FF299F7AA81F597
3FF367DF8F6CD348
3FF576D554AA19E0
3FF67EC1454C1350
3FFE642E44F29CFA
3FFF8F666790274E
3FF829D44C80B742
3FFB25DD53CE9AD8
3FFA0ABA31A38996
3FFDC4BDFE535A26
3FF1B9791FB11604
3FF8FC9EBECB5797
3FFCEEEAD0EBE853
3FFC633BF9315242
3FFC47862F4600FA
3FFFB2FECEC34EA3
3FF073EEB3B7B608
3FF1B2938A8B7AB0
3FF2740959C99938
3FF94B4ABA937FE6
3FF6E4B5A2794387
3FF106AC8F648908
3FF47788B8F56AF2
3FF6408DD30FD906
3FF8180C6B68A3FE
3FFC1781AA1ED809
3FF7D30A84A8D414
3FFD362E223E5E78
3FF8A5C1EBBB0EF7
3FF5B705BBA1B7AE