3FE5D5D393207E7D
3FAB8E6DB72F96D0
3FCC34C097745CF4
3FC7997ED8A0A6C4
3FC68415A62AB3F0
3FE9FCAD9E6B2132
3FED8C0ACF2E71CD
3FD1B3651A5CC40C
3FEA3B6DEB193D89
3FEC7A003DBB94C0
3FE06A410420CD63
3FCF5B0003225350
3FEA602FE967B819
3FCB5C95B46562E8
3FE7BA191C8D1B75
3FE428785C24BE49
3FEDAD51FCAE0917
3FCDAF2AE2DE9D14
3FE9926EDC9AB8BA
3FE094CED7E6D13E
3FCDA39D5DE5A6BC
3FC53C57909F55B4
3FDFDBC643007C80
3FE2A5AE25408452
3FC798631DB53844
3F8E8139E2E50C40
3FDE270BFC892DA8
3FE74DC4F3C27946
3FED652CDBC83868
3FE4045FE4256E23
3FED59116FF07DA9
3FEBAB8AE3B3C4F2
3FCBEC1B0D3B69F8
3FEBB750DFA60E68
3FE76251E28680AE
3FD1C88B7FA1C198
3FE981617B4D23C6
3FEBAFE5720E7E94
3FD329FD903C8A48
3FE0DD875C50D36E
3FB24CF5988AFFD0
3FE2A9E3992BD5A3
3FCE73B786F58B50
3FE87A950A549C5E
3FC6398FBB765044
3FD403F818AB27A8
3F8DA4CB63853840
3FA0AAA53D71CBB0
3FDFC9F68597EEDA
3FDDF8D522EAD134
3FC05828106B6028
3FD07BE771D0C89C
3F6A0F450C271E00
3FD86369FA9B79F4
3FE26D8D63D2BBDA
3FDB58DCF2120014
3FEAB9288ED019B8
3FE3BA4BDC6275CB
3FD10784D1052174
3FE9F3E4A48E3590
3FDFF79746558DC2
3FE8482C95128623
3FE21D66DC0CAA37
3FDBFF05DBB5AF9C
3FD95A982BBC0648
3F96C4D8E9BB6A80
3FDE09D7E3622054
3FE3F430C00D4855
3FEE468FA73187B5
3FDBDC61EB5A0664
3FDF14BFADF3FA20
3FE09C975CC8022B
3FDA265AC8206E3C
3FE2857E9970FD47
3FB2028070F887C0
3FDF41AE41BA6F1A
3FE3864E726C24AA
3FE7CDDB8EC3B2FC
3FDB8257084608D8
3FD3611C324CE886
3F782025C788BC80
3FE83513629C6FCB
3FB3DC04CEF556D8
3FDF5BF6C94B47B2
3FD37AA6F736BDE6
3FEAE803E1099554
3FEE6A4C5B000C63
3FD46870EBCC282E
3FECBA84900A5F7A
3FD59A13727490FA
3FE9FCD2896AEC54
3FE9902073090D38
3FE4F8189E9A1DF2
3FCD4627A15F290C
3FC19F511DC7FB04
3FDB28E590C3B2C4
3FC3659F3225B3A0
3FEBF1DA1C70D657
3FC6EDA0269FD320
3F9F059053792C00
3FE1E55F9432CE0C
3FDB718FC89DE6D6
3FEB79A14CC0E010
3FC4961F5D08AB3C
3FD71008F67858EE
3FE47F0EB1EEAFCA
3FEDCB66EB9207DD
3FD0C15912FC04A6
3FE604E6F6D86EB7
3FC31428459FC998
3FE7AF597B9A16B5
3FD2C37B6D97FC40
3FCF330A225851E8
3FCD6AC9F3BB57C0
3FD7B8BFAA279D7A
3FD5070BEAEA9EE2
3FE39AC2B51405ED
3FE16E4EFDAE6B8D
3FE7FD138965B50C
3FD2E087F06E12B6
3FEEBCDB2C2D7DEF
3FE16435F44412FB
3FE5BDD7B6310247
3FE60638426E4289
3FC37E7E7B8E41B0
3FC2902946444410
3FDD922040417312
3FE0B3ADF4166A3F
3FD1692E65780B6C
3FC70E34043981CC
3FE0201F1DA82C31
3FE51BC1E1B34A21
3FCD47D37021A9C4
3FCBF520EB34781C
3FEE8E8878A74642
3FE73252AAAAC7CA
3FA1949970A32090
3FEF69682061961F
3F81667022EB99C0
3FD0F522AE18402E
3FED5AB82DD58191
3FB4944A14E4F2A0
3FEB59D4BFA02018
3FC284C9F9171768
3FC6F15F23792920
3FE91C0B8B3B7C17
3FECA75059E66B4D
3FDD7CABD3A801EE
3FA3B42218F9F480
3FD42DF61D37A7DE
3F8F52113A3A5100
3FD658DC9590C2AE
3FE5191153216DF2
3FD0F94D1589178C
3FE4DD569C6F5A3C
3FEDADEAF305F122
3FDDD537A8E129EE
3FCA8290EADFAA8C
3FED86E00608FF7F
3FEE4475155685FE
3FC14496A5D05320
3FECC9D6C0182B73
3FD2B2926B47F9CE
3FC0680D8C64005C
3FBE3A4622F8C318
3FE84D6A3F80D122
3FB6A42B2B0142E8
3FE86BBD3495964D
3FCEABD21E7157B8
3FDACD5A86741694
3FC24E6778630874
3FE4E2ABC5374A72
3FDD4C5D581A236C
3FD93483610B2718
3FE9BFE1E13388C1
3FDD6080E9E635A8
3FE62153EBF70053
3FE9060DF4FE3ADD
3FE3AD1B75E2444E
3FEEC3B6D676C206
3FE1A0CAFFB854F5
3FCC089A3D058AA4
3FE1571465786088
3FCF4DA4A557F3D0
3FB554EB5DCAE178
3FE8341E45FF1CEB
3FD0ED87202BCE2E
3FD412AF56F31A6E
3FEFA081339B1A8F
3FD9A2BD50B6E96A
3FDC3E7516B9E876
3FED758B77BA4D68
3FE94839490C497F
3FEB80E0943F76E6
3FDDF98E704D04C4
3FCB33512DB8F5C8
3FB0CDB49A3836F0
3FB46EB109B1C1E0
3FC188DFA9102438
3FD13D0345214458
3FE8E03F55AE8BB2
3FCD611BB6AE1D7C
3FDAFEAA8184F3CC
3FDD521BE6B44BAA
3FD3D1E532112084
3FC6A84B13022DE4
3FD1276A9A869DCE
3FEB467CB1FE285A
3FEFCF70A8B82DFE
3FD7B9207853C0EC
3FDD8D53AF026B24
3FD57073D4A0FFCE
3FD7635905AAB978
3FE5FD5344AE5197
3FE787CB0CD63315
3FD44A58076C2DB4
3FC29004A71D1EE4
3FE6A40D924A621A
3FDC1EFB6AF5F94A
3FED524A7842740A
3FDA3287B0F4C6FE
3F9C6152A2779720
3FE73C8719CD2653
3FEF8B867677CCC4
3FDDD8DF46A0210A
3FEE7C1A92313D35
3FC4CFBD540FACB8
3FCB3EFC7B669A3C
3FD5DB5552A8677E
3FD9FB0515304D3E
3FECC85C89E539F5
3FEF1ECCCF204E9D
3FE053A899016E85
3FE64BBAA79D35AF
3FE415746347132B
3FEB897BFCA6B44D
3FBB9791FB116038
3FE1F93D7D96AF2E
3FE9DDD5A1D7D0A6
3FE8C677F262A485
3FE88F0C5E8C01F5
3FEF65FD9D869D46
3F9CFBACEDED81E0
3FBB2938A8B7AB08
3FC3A04ACE4CC9C0
3FE296957526FFCC
3FDB92D689E50E1C
3FB06AC8F6489080
3FD1DE22E3D5ABC8
3FD902374C3F6416
3FE03018D6D147FC
3FE82F03543DB012
3FDF4C2A12A35052
3FEA6C5C447CBCF1
3FE14B83D7761DEE
3FD6DC16EE86DEBA
3FE9CA9149367F4D
3FC7DB409156A3D4
3FEC750E4586D3E2
3FE58C9AE74B479C
3FEE821102C6391F
3FCADC22A2238CD8
3FCDCA9C79A29084
3FDD38424EC61866
3FC30A6E31C924C0
3FA4570BFEED6F80
3FD685A9992341F6
3FE808CB2915A7F8
3FEC7290BDE51813
3FCDDDCA09651430
3FEE37BC5FEE1C17
3FB448F527E1C358
3FB40AE94FE4BBE8
3FE6927A4F6A9FB0
3FB15B86FBD2DFA8
3FEF0F8B1F9EAF87
3FD18CA74DD874F0
3FC07A059F0D97B0
3FE8972DD161E601
3FDB096F569B41F6
3FECCD6AE5286A63
3FDF8470D3A1829E
3F8059B86B14D9C0
3FC4E86D6E14D8B8
3FB97154476C9AF8
3FC73675CFF384FC
3FD150FD27E5305E
3FB34C00441666D8
3FEC202829AF2C99
3FE58B9D5AB74671
3FDC6A1FE5A8459E
3FECC2426D3643B1
3FE392C83CD0ED05
3FE5D0AA3286139D
3FE6CDFE10A38B39
3FDC202D907FA724
3FD2C333F1A1422E
3FEC605386F81928
3FD79F1C57CA8208
3FDBF46FB957465C
3FD1AE76D7C131EA
3FE1B774DE8FD07F
3FE1387798789134
3FDBA186BE42C4FE
3FD69C1D9F1BDE80
3FE155F594490612
3FD873A3275DC40A
3FE8EE6100DF8CB4
3FC3A302E4920040
3FE70E05E088E002
3FCAB5A2249A83FC
3FEDD325AC7FD931
3FD8A3B447ACED40
3FD4B8D05F691FFE
3FECD4CC4F6082C9
3FA841ADE3FAE5E0
3FEF48C908D23395
3FEDB7CDC41A2F57
3FE544A34D99943F
3FE23A2B7F505214
3FE0C77F9FC0A08D
3FB55AC78A0837D8
3FB73D7F6CD4FF68
3FE619C3CAF22036
3FEEA7ABD4A0C02C
3FE053F648ED3A51
3F50AFAF3C6AFA00
3FEA85DF81C3FC51
3FEA93AD8D69F816
3FD589692ABB72C2
3FE5C11300A0174D
3FC21F69BB65DEB4
3FC4E4FB68A07D64
3FE6C40E2B333F5C
3FE05152ECA10F7F
3FE2D87A8197547C
3FE0C232C4DF8DBA
3FEE184F8E7DCA6A
3FE93CF761C5B626
3FECC59E61F3ED90
3FD2A9CC020FE176
3FEF58F85E6D0D42
3FEA336D6B1FF797
3FB97D2BF90CF0D8
3FB64CA3EEAD8408
3FC883C2E8FC1DB8
3FD587297FBC581C
3FCC16892421677C
3FAA8ACAA18A1BD0
3FDC7B185965CB8C
3FD0CCFE8B62F7F2
3FDD9C625C43F2A6
3FE91254534A1CEC
3FD497EC67D58856
3FA4A297E2C48E40
3FEAB488FACFFD69
3FDF6160DFA06B62
3FCF4045113F35C4
3FEDB448AEC37B6C
3FE786B7C65914C2
3FDAFD329FC3AF7C
3FD6374678000D5A
3FB230733518F718
3FD248209A1DBCF0
3FE6E8131F7F3BAB
3FB35CCEA15AD718
3FD81836F8296836
3FE2EE2771CC19C8
3FE7ADB94DCD0848
3FE7C533B6BC1513
3FD2BA1663BEE4AE
3FD5124EB1D38BA8
3FC423FE0C984C6C
3FE75653746611B3
3FD0FD740D204FDA
3FDEBF418AA9FB1E
3FECCA8DD880401A
3F7A554176015A80
3FEB6A086785D29B
3FE7ACD778D48BC6
3FE4A5169B4A9B58
3FDA0D8DB493BFBA
3FE3F7F57EA5604A
3FEE5AE7DBB34FB5
3FB8647400AC1100
3FB159808F4443C0
3FD5CAB413D20620
3FBA61EA1BF114A8
3FED5E432930748B
3FE93233CBE9E8F8
3FC4470D132A84B0
3FD7E980DD255BD2
3FDA95C55B401B6C
3FEE8AA1E92CB38C
3FD511EFBA370364
3FDEBBBC852F6EAC
3FE0ED42159D0F52
3FE904884C82B276
3FEBC70591957943
3FE576FC1896F6CC
3FD740C931971B04
3FCD51612230D5F0
3FD97A11D9ED4524
3FE26D433FDECA49
3FE88AA03DC99C31
3FEEB43314CE9F5F
3FEBF2E981199B7D
3FE93575ADFEFE9B
3FECD234695E3135
3FE6460B59E4D4CE
3FEE4174B911CB53
3FE06EFD33D83604
3FB750BC94A30FC8
3FE7583E4C4B50F1
3FEE59EE458DC207
3F9FC90556A0FF20
3FE3E82F2645134D
3FD38153C4B2E664
3FD9DE2027993E30
3FED6110C9E7E985
3FD566A34D200504
3FE406A8EA5DF62A
3FDB18F710C0896E
3FEDA89BDA95AB50
3FD79863E42117B4
3FB970F099532EC8
3FDAD0E00A85DB88
3FD9ED7880F23090
3FEC5505F7A476F2
3FD535E48CB42090
3FD2D0F803D5A6B4
3FDA0CCDC4C947D4
3FE61CC0746F2829
3FDB072E264B86BC
3FE0B4A8ADE05DCD
3FE6BA1A48AD4B47
3F9B70F1CE4CD3A0
3FC10B5C9C9158D0
3FE734255EFA632D
3FED0794D9C522A2
3FEBBEAFBEF0F701
3FE6A167A9269E44
3FEF6B5A76947F74
3FEB4B007C8DC2B1
3FE63338C9620EDC
3FE47BE07ED1ED1C
3FEB4CDAB25961AA
3FEC2A3D43027A07
3FD189D69B1D8206
3FEB541FF001EBE9
3FE2D297129701B5
3F286DDE18941000
3FC93A8DC0262578
3FE8F277D8F8380A
3FD5E672F88D14F4
3FEAFA5AFA81CA8B
3FE34917E3014C6A
3FEF92AD5FD3C152
3FE8717E6E6E5DF5
3FB7D1C27644E398
3FEACF288CDA85DD
3FE53EC4B49D974B
3FCC2CFB808E5D54
3FE089A968723133
3FC486684F0C2334
3FD7DFFCA6A7FF62
3FE7D54EA5FD1D97
3FDD03F47DDDD332
3FE52AAA36E34422
3FECC76F7799F653
3FE672E4BE479378
3FB79107236006B8
3FDA65F714C98496
3FD43B853580C610
3FDE9EF51F1F5A24
3FECB2FA3D7C01F0
3FD5F214295959B8
3FE7B9CAF45F1D58
3FDDF83EAE4AB75E
3FEACE974432AC13
3FCE2B6E23C1BE40
3FE0C025FDDE96F8
3FE437CD4211E1C6
3FD81BD92AFC405A
3FE20836B5FB9A8E
3FD2FDC40CF8DBC8
3FEF98FDEDBBE21B
3FE5FE0A24301649
3FE4248968BA8DC6
3FEDE7D035BDC6E5
3FDC33FC86CB2904
3FEF668EFB99E876
3FB70B27B3E88600
3FEF9F6DC7FA211B
3FE707B7B2E3E69D
3FE28EDE14CF03D4
3FD6D0ACE97DEEB8
3FC9FEBE9D232EC0
3FEF711D36666623
3FCE1BBE681FEAE4
3FEC29D796F019B1
3FAD355217ABA7D0
3FE9A3F50F2391F2
3FEBD3A2DC178C44
3FCF594A57168D54
3FEF43334EBF9CF6
3FD7CC14A56A7298
3FC445017DE1A9F4
3FDAD8ED3DE9372A
3FEF1D4AA95B3C13
3FBD0DC2DC6DE5C0
3FE62CD438FF82BF