3FFCE548A49B3FA6
3FF2FB68122AD47A
3FFE3A8722C369F1
3FFAC64D73A5A3CE
3FFF410881631C90
3FF35B845444719B
3FF3B9538F345210
3FF74E1093B1861A
3FF2614DC6392498
3FF0A2B85FF76B7C
3FF5A16A6648D07E
3FFC0465948AD3FC
3FFE39485EF28C0A
3FF3BBB9412CA286
3FFF1BDE2FF70E0C
3FF1448F527E1C36
3FF140AE94FE4BBE
3FFB493D27B54FD8
3FF115B86FBD2DFA
3FFF87C58FCF57C4
3FF46329D3761D3C
3FF20F40B3E1B2F6
3FFC4B96E8B0F300
3FF6C25BD5A6D07E
3FFE66B572943532
3FF7E11C34E860A8
3FF020B370D629B4
3FF29D0DADC29B17
3FF197154476C9B0
3FF2E6CEB9FE70A0
3FF4543F49F94C18
3FF134C00441666E
3FFE101414D7964C
3FFAC5CEAD5BA338
3FF71A87F96A1168
3FFE6121369B21D8
3FF9C9641E687682
3FFAE855194309CE
3FFB66FF0851C59C
3FF7080B641FE9C9
3FF4B0CCFC68508C
3FFE3029C37C0C94
3FF5E7C715F2A082
3FF6FD1BEE55D197
3FF46B9DB5F04C7A
3FF8DBBA6F47E840
3FF89C3BCC3C489A
3FF6E861AF90B140
3FF5A70767C6F7A0
3FF8AAFACA248309
3FF61CE8C9D77102
3FFC7730806FC65A
3FF274605C924008
3FFB8702F0447001
3FF356B444935080
3FFEE992D63FEC98
3FF628ED11EB3B50
3FF52E3417DA4800
3FFE6A6627B04164
3FF0C20D6F1FD72F
3FFFA464846919CA
3FFEDBE6E20D17AC
3FFAA251A6CCCA20
3FF91D15BFA8290A
3FF863BFCFE05046
3FF155AC78A0837E
3FF173D7F6CD4FF6
3FFB0CE1E579101B
3FFF53D5EA506016
3FF829FB24769D28
3FF0042BEBCF1ABE
3FFD42EFC0E1FE28
3FFD49D6C6B4FC0B
3FF5625A4AAEDCB0
3FFAE08980500BA6
3FF243ED376CBBD6
3FF29C9F6D140FAC
3FFB620715999FAE
3FF828A9765087C0
3FF96C3D40CBAA3E
3FF86119626FC6DD
3FFF0C27C73EE535
3FFC9E7BB0E2DB13
3FFE62CF30F9F6C8
3FF4AA730083F85E
3FFFAC7C2F3686A1
3FFD19B6B58FFBCC
3FF197D2BF90CF0E
3FF164CA3EEAD840
3FF310785D1F83B7
3FF561CA5FEF1607
3FF382D124842CF0
3FF0D456550C50DE
3FF71EC6165972E3
3FF4333FA2D8BDFC
3FF767189710FCAA
3FFC892A29A50E76
3FF525FB19F56216
3FF0A514BF162472
3FFD5A447D67FEB4
3FF7D85837E81AD8
3FF3E808A227E6B8
3FFEDA245761BDB6
3FFBC35BE32C8A61
3FF6BF4CA7F0EBDF
3FF58DD19E000356
3FF1230733518F72
3FF4920826876F3C
3FFB74098FBF9DD6
3FF135CCEA15AD72
3FF6060DBE0A5A0E
3FF97713B8E60CE4
3FFBD6DCA6E68424
3FFBE299DB5E0A8A
3FF4AE8598EFB92C
3FF54493AC74E2EA
3FF2847FC193098E
3FFBAB29BA3308DA
3FF43F5D034813F6
3FF7AFD062AA7EC8
3FFE6546EC40200D
3FF01A554176015A
3FFDB50433C2E94E
3FFBD66BBC6A45E3
3FFA528B4DA54DAC
3FF683636D24EFEE
3FF9FBFABF52B025
3FFF2D73EDD9A7DA
3FF18647400AC110
3FF1159808F4443C
3FF572AD04F48188
3FF1A61EA1BF114A
3FFEAF2194983A46
3FFC9919E5F4F47C
3FF288E1A2655096
3FF5FA60374956F4
3FF6A57156D006DB
3FFF4550F49659C6
3FF5447BEE8DC0D9
3FF7AEEF214BDBAB
3FF876A10ACE87A9
3FFC82442641593B
3FFDE382C8CABCA2
3FFABB7E0C4B7B66
3FF5D0324C65C6C1
3FF3AA2C24461ABE
3FF65E84767B5149
3FF936A19FEF6524
3FFC45501EE4CE18
3FFF5A198A674FB0
3FFDF974C08CCDBE
3FFC9ABAD6FF7F4E
3FFE691A34AF189A
3FFB2305ACF26A67
3FFF20BA5C88E5AA
3FF8377E99EC1B02
3FF1750BC94A30FC
3FFBAC1F2625A878
3FFF2CF722C6E104
3FF07F24155A83FC
3FF9F417932289A6
3FF4E054F12CB999
3FF6778809E64F8C
3FFEB08864F3F4C2
3FF559A8D3480141
3FFA0354752EFB15
3FF6C63DC430225C
3FFED44DED4AD5A8
3FF5E618F90845ED
3FF1970F099532EC
3FF6B43802A176E2
3FF67B5E203C8C24
3FFE2A82FBD23B79
3FF54D79232D0824
3FF4B43E00F569AD
3FF68333713251F5
3FFB0E603A379414
3FF6C1CB8992E1AF
3FF85A5456F02EE6
3FFB5D0D2456A5A4
3FF06DC3C739334E
3FF2216B93922B1A
3FFB9A12AF7D3196
3FFE83CA6CE29151
3FFDDF57DF787B80
3FFB50B3D4934F22
3FFFB5AD3B4A3FBA
3FFDA5803E46E158
3FFB199C64B1076E
3FFA3DF03F68F68E
3FFDA66D592CB0D5
3FFE151EA1813D04
3FF46275A6C76082
3FFDAA0FF800F5F4
3FF9694B894B80DA
3FF000C36EF0C4A0
3FF32751B804C4AF
3FFC793BEC7C1C05
3FF5799CBE23453D
3FFD7D2D7D40E546
3FF9A48BF180A635
3FFFC956AFE9E0A9
3FFC38BF37372EFA
3FF17D1C27644E3A
3FFD6794466D42EE
3FFA9F625A4ECBA6
3FF3859F7011CBAA
3FF844D4B439189A
3FF290CD09E18466
3FF5F7FF29A9FFD8
3FFBEAA752FE8ECC
3FF740FD1F7774CC
3FFA95551B71A211
3FFE63B7BBCCFB2A
3FFB39725F23C9BC
3FF179107236006C
3FF6997DC5326126
3FF50EE14D603184
3FF7A7BD47C7D689
3FFE597D1EBE00F8
3FF57C850A56566E
3FFBDCE57A2F8EAC
3FF77E0FAB92ADD8
3FFD674BA219560A
3FF3C56DC47837C8
3FF86012FEEF4B7C
3FFA1BE6A108F0E3
3FF606F64ABF1016
3FF9041B5AFDCD47
3FF4BF71033E36F2
3FFFCC7EF6DDF10E
3FFAFF0512180B24
3FFA1244B45D46E3
3FFEF3E81ADEE372
3FF70CFF21B2CA41
3FFFB3477DCCF43B
3FF170B27B3E8860
3FFFCFB6E3FD108E
3FFB83DBD971F34E
3FF9476F0A6781EA
3FF5B42B3A5F7BAE
3FF33FD7D3A465D8
3FFFB88E9B333312
3FF3C377CD03FD5C
3FFE14EBCB780CD8
3FF0E9AA90BD5D3E
3FFCD1FA8791C8F9
3FFDE9D16E0BC622
3FF3EB294AE2D1AA
3FFFA199A75FCE7B
3FF5F305295A9CA6
3FF288A02FBC353E
3FF6B63B4F7A4DCA
3FFF8EA554AD9E0A
3FF1D0DC2DC6DE5C
3FFB166A1C7FC160