400E7697DE61C6B4
400C1B25456DA4DE
40110374E2D78B60
4011551DECC8E497
401279CD50C2B0A6
4012C1E01A1163DC
4013D9387C7A2D23
4014791146750313
400F1EC6678E7E32
4012A4CBC8FC3C87
40102BE57FAA1A82
400D49872A23650A
400FF9A7557973F2
4013322E425419C2
401219D04D394858
40101423B19BB813
40118154908F1434
401041AE711DEC94
40133DAE85B69C43
4012CA9C4D8DFB4C
401168C6CBFAFB40
40107C156621787E
4013C8933D30963E
4016687D61D685A5
4010DE6ED5E814C8
4013789A9E3788D3
401234E65548398C
40115E440FD0658E
4013376AA1CB0F2D
40152C9628CE3018
4012738EF21A5E15
4013834332503E72
400BE6F8DBBBCC38
400BCD7A5006DB46
4005DC49A9F24E9D
40137D75075A936A
4008927FE4B179CC
400EDAB9CF34C448
400F571C7B8A385D
400F09C9860187E1
40101C600F6C3871
40088CCC9B8AF966
400D16555355605C
400684203BE1A03F
4004A9951550B634
400C05DF42FB796A
400D0A4DC9940FE8
400A936F64FB0B55
40097D76A306BFCB
4009CECD43C6D127
400E473262F920D3
400FEFFCA1E7DAAF
400EB3792881E699
401035E01E6A7573
401241FB9F602108
4011B8C6BC50F536
40104DDBE174C739
4010F4AAA040A8D3
400F56C117B84AFD
400F9BF49FA85607
400D8A6EB51728BE
4011F4BAC96D25A4
4011B1021D052A4E
4010826857BD52C2
400C8CCDF1D2131B
4009F8F8C34FCEA5
400C49D9D8FA1A19
4010B2908B3929FB
4010626F467135A2
401226144A1B0A1A
400EF95956B4433A
4012AE32A2B53674
40107282CDDE1FC7
400F2FD5AF058553
4011D5364CE6B4B7
400B5C714B1C5FAB
400C70E81B608DAB
401336FF857BC591
4011459899281932
40111BFC4229025B
400C68DF0183BDD7
400DE64FAD3F6AB2
400AC3D9A95766B3
4013A343EA26C776
400BF79FFE8FEFE0
4011800DEB7FB6F8
4012777CB79D7ECB
401477A92966E000
401105D35BC82657
4010C7DDBA9B55E3
400F02E336214D00
400806BB6AC4228C
4010A0B294F9183E
40113E560163CCB2
400F6DFBEE628E85
40116A1873E350EA
40097E8749D3FDB8
400A42C7AF5C60E1
400757BBF9BAD274
401226AA7440DFD8
400D3D233173A53C
400DF2093327373B
401226F14182E6F8
40136D79B96CF894
4010C4A56AC9C14A
400F90D52FE184AC
400A3E5131380A52
40079289B8D9735D
4009A31790802CD4
400ECB05DC6A2549
400C2CD1069DE003
400AC1A5143C38BD
400CECBD3BCC1E87
400706677621CAE1
400A6E4E6E51F332
4011FF05C3267050
40107CD2C0BA67E3
401019BC7E698D78
4010EA318FB20DEB
40138BE32A5FA7CA
400F60531335A0F1
4010787CD4AF014F
400E6679D9C0D0D2
400A8E944E430BBE
400CBDFD9E98DACB
4011CC9E8EB9C43C
40110B8B85FEE37F
40105F79BE6A619F
400BF346DDCCEB36
400C9C96ED02C87C
4007FEA80BB8DD8C
400EFA31A743FC08
4009C3961D7A64B1
4010338DC3F666D8
4011615F787A599F
40134E603C16C4C4
4010A2AA9CE32CAB
400FEB001F35E4FA
4010AC179D463DE1
4009261599BE3970
400BCF8E7690840D
4010BCB9E007FCC1
40103F0B6FE58318
400C5A9F91F725A8
400C42DF776EDA09
400ECC2DEF07ED27
4010A38B96CAB702
401280E8CC3B1CC4
400EA06DD228C888
400ECDBC80098343
40140298575F0A54
4014FE25B2784AF6
401127E17215CDB7
40150E511022A2CC
401073374D5B3BEE
400E717EA08B8B5E
400DD4FA57BDA3E1
4014ED939958C8C4
4011181661E55E5D
40117933D1A57C34
4006A75A2331EE05
400DD4F75B797AAA
400AEB9A8A003BBE
400EEE53BB5F166B
4007170652CA7DD4
400C7CCA9B21848A
401196A8895AB4B9
400E81311F65C7CB
401005ACDE07E1F5
400DF05427214F0E
400C1A1BC6134322
400ADD400A72CF77
400475D1481B7E8F
40100A6E93A19C5D
400C05AEB3E60311
400D0F3EAAA7A229
400F832AA4C16314
40101B51D18E83AA
40112685EC130C12
4014716EB7E1A782
401242BB20E792F6
4011E82DFEB03813
4013D13B444C909D
4017BFB619FA5DD0
401286D302AFFAD4
4013D0AA916AE232
4012BC0D337902BD
400A0CA9BAE3F436
40119EF66490DA08
40156CA3B972DED7
4011F797EC43A25F
40106F0650634527
400652A5E1EB27D7
4004A39320C62588
400A517B80E4983F
400CA2EBAB8222FB
400D01A71E57BB9E
40063627C267802A
400BFD67CFC1ED3C
400F34B5A2910801
400987C7E5E5BDCE
400DE6ECBE897B4F
400689213C0822CA
4006D0E46A2EE66B
4009E503357AF255
400D1A41D243B86C
400BF3BDC45AEFFF
40082A596CB42A90
401221FEACC4784C
400DC48100E08CC0
40127638FBF38391
401526F9E551F5CE
401244AF5A294CF0
400F1BDF50131A1F
40159C5F78DD07CF
4016F99D8CC37465
401142AAC155015A
401283C7A8E9D0E2
4011C3FD34986C88
400FF7BA2732C3FB
4010CBC3BCE8F6A9
4013C92CDDBF1535
40133015187498C2
4010D65A1E35E2C0
40116E1B2412D340
40102572F39DEF83
4010D911001DE46D
40166B59EC4B18D4
401292272B61BE79
4011BEBC95B74561
40176BC57495802A
40173DDA7ED9AEE2
4015C45CDC818060
40129A1B2FA00FED
401279EB375C41E8
4012E2C3B6E6A2AA
40111B73DEA9EFD0
4014A65487018ED5
4014873FE8C8EB3C
40143544107FA9EC
40086E91F610411F
400A8F35CA511EEB
400E0A388BB09453
401203431DC7B76C
400CA142E87E5383
400BFDBDB5BF35B2
401253CE7F10E89D
4010951F1A4CEEE9
400EB10A1F51A626
400CDA8EB008F8B2
400A97B837C04AB2
400D0C4283A2673C
400ABE8111EF5A54
400EF6D5FB33D696
400EB67CF8AC354B
400BAA221D282B89