4041BFFFBEA8865A
404172284B1CAA40
4042088F815C8892
4042FE5793A82F9A
404288070CA83754
4042D1A291AA5CA0
40430EF0DBD80382
40439A5C758EAA05
40424067D8FF8000
404294C9B5849DF9
404246C7281DD738
4041843D94B20CCD
4041F488A6720CBF
404331E2C7589383
4042B41393B720F4
40424B79489428B0
404245567AA846EC
4041F5416CBD87FB
40428C6C5D8C6525
4043699D0794CCE7
4042A27BE3E33B1D
4042C57EE30059A9
40434971DBC2CB1A
404414DFA0CED4CF
4042A6DEF517952C
4042EBD9380001FA
4042C47CEAA59590
404218034BDDDDA4
404298712D27D1DD
4043ADC56BFBD0C3
4042FBE110273E23
4042F5F2E07EB3F4
4040DF9307FEAF1A
4040B5DAD546C60D
40408E72B9214477
40428BEFB07AEDDB
40410A829A5B8142
4041AF9F64DC04CE
4041D1C8CD81E9CA
404244641EA0AA89
40419A94ADF4A792
4041118A3F9E4E66
40415B3D06DE7256
404060745F4E78E7
40408814BBF0094A
4041D4882CBE5047
40418A0BA029C14F
40413AB90230EACA
404119B1ECEEED89
4040F6A70CFE54A2
404175D84D2D40D1
40427BF7E229A850
4041CD4937141746
40422966D431966E
4042854D8230D99B
4042EB9766463FE9
4042017B30B148A2
40420809D269431F
4041DFFACBA03035
404152A8AE06737A
404176D95E67FFA9
4042B3789A37CC9C
4042503E0FACB4CF
404202861F5473A3
40414AEAD5DA1F72
4040F98D38F5612F
40415646388BCD19
4042938D9D70CC98
4041EEA301589C45
404267B0CDA625B8
40422CE717AE9663
40430A88571144C5
40420653823CF068
4041DCB54D50030F
40422578F7BFFED1
40410EF3ECBC30C8
4041658468CB12AD
4042DC04A5B81D4E
40424314532F8F61
404215FC10A0664C
4041898049061900
4041793709C539CF
40417EBA97C280C5
404332786B7F5F29
4041E2A37AA45370
404293C464039A34
4042CD157B67E0E9
4043848B8A1858D7
40425991F62B1019
404243880BE3F458
40421BD4C3B61BEC
40411A6CF0E78BD8
4041F3609BE50BBA
4042DDC3D765FD13
4042521561219404
40426093F9088EFE
4040FD4FCA6AC88C
4040E17386C6B4C1
4040EA6DB9A8630F
4042A55A39A24DC3
40419970AAB23A54
4041E55836A5C259
404265790984397C
404305BA98F8C777
4041F3E134EAEF06
4041C60EA46E4D74
40417200A047334F
4040B59ED2A88C73
40411BF0BF2D970E
4042451E71DFD160
4041C077AF84F4AA
404181E038AF93FB
404150970658613D
4040CA1160012206
4041383ABDBFEBBF
4042BCC9804D1678
4041F19CAC8063A1
404225D3100E9738
40425A44F0183500
404325EBA3E53404
4041EDB595932792
4041F874C8D42BF8
4041D0E7079DD65B
404101C358CD3C9E
40416A02FCDD3894
4042AE65C2BE7E38
40423B7FECA909BF
4041FE18FC073349
4041012F779A6AF9
4040E3A42E912ED0
4040D1702EB85756
40422CBBB97E851F
40413E6B8D62B9E1
4041E93D0FE22F54
4042295A84533B67
4042DE6B1D3E1493
4041CC358F1E3009
4041A8450753A70E
4041C03234CC8DFA
4040AB6B44A6EC6A
40411B4BE17EB017
40424C99040A4238
4041E21FC107DAA3
40417803947B5660
40418D3225483693
40418DA6C2C52DC7
4041ED0044E9CD0A
4043143EDCA555A3
404213422CC14CCB
404256B04377A75B
4043048AC4437E2B
40439B6CF01DF207
404263E58DD830D6
4042D2684B7849C6
4042401F4EE2DA69
4041872AF9276E35
4041C2ABC3A52EC1
404359BD5F480866
4042844A435B82B8
4042688939A44037
40408922834A1158
4040D3DC0CD1F025
4040DCF12DF6236A
404208AFB2198CF7
4040F054681111A5
40418749D86ED0F4
40420CB57DC89CFC
40423963FF0AEEA9
40419547AE9C1CE4
4041654C1F2BB3E2
40414902D4DE50A2
4040A38FC30B8BFC
40408261E5F0B5F2
4042130171D6CC5E
4041774B15A2E0A3
40415FFF5D5FB45B
4042199D28BCBE8C
4041FCB46EA5DED3
404255C5E0323716
4043AAB5EAB98664
4042C9F9045B120B
4042FF408BEC7592
404356C572808E5D
40444C054DAD93C9
4042E82A108AD5E4
40430319CC40B11B
4042E1A05C45F2AB
40419943FB6C542B
404271A13B5ACF2D
4043C205B3EAAA91
4042F8A0C546AAA1
40429FA9DA1B58BF
4040538CCE0C7946
4040107B57FD8F25
4040A304CC3B3D84
4041B3AEBFF29210
40411EB403A0B9D4
4040F29539BA0500
4041696C7870398C
40421451D61476FC
4040FCC4201050D4
4041346B37790AF7
4040BFA8BB1472EE
4040327F97DE21BD
4040A90A939D817F
4041B30D4B5DA8AA
404145E1958103C3
4040E16698575131
404252520D451EB9
4041C239FDBDFE7E
40426C63FB6A2D59
4043AE0F09A37782
4042B6DF44BF309E
4042A0A07A538786
40437CD1B24E8498
40441FE9F5429DF2
4042AC4CC19B5E08
4042C625286C7645
4042AF4615A5C73A
4041E49CBB6D287C
404243E29FA1BA16
40437A3E91B018B0
40430C582408B0C1
4042993C0D1193C8
40429A36E335946A
40424901932A5DF4
4042972042F623C7
404434FC51894634
40431EEF85ECE920
4043451B5F0FE8E2
4044151FB8CC3DF4
404486D2DA8C0F93
40439AE44C07983B
40432750E049E879
404324651D04EC38
40429FDAD6DD7AE4
4042AC39EAE0838D
4043F444CDDF1238
4043959EC519E563
4043637A926176FE
4040E5F23106BD13
4040DFDC244E30F3
40414F373E9FEF7D
40429A8F0AAB5906
4041895461FB158A
4041BFB53AA77290
404264B66D0E2A02
4042A45100ECF692
4041BFFEE55F0191
4041944BF848F506
40417138CC87E7A6
404106DC1B2D4C02
40412749131CBA38
4042417D2FA49CC6
4041E2B42A7E0A4F
40418A09C5168379